Time: 1.734528
20.876667 11.719534 
39.906639 30.321020 
23.721371 13.143749 
24.755281 16.821396 
30.113642 60.723942 
9.387636 30.056330 
21.882931 16.237522 
27.728476 20.847792 
35.020748 17.174007 
11.735229 31.141998 
14.404313 9.140919 
4.587531 13.014554 
12.583909 18.061792 
29.983994 18.361582 
12.271009 21.084333 
12.401971 2.926666 
20.679911 17.588232 
15.256802 18.875795 
25.224241 35.326416 
10.102728 28.386467 
16.608402 17.537170 
10.695941 0.000000 
1.315305 33.331364 
11.311756 20.137608 
32.647289 0.064051 
18.323610 0.000000 
13.670739 13.970677 
5.959830 40.943348 
23.116055 31.117073 
15.485418 24.152367 
13.968158 1.206041 
3.090504 21.367443 
8.773930 2.934786 
37.279537 33.806343 
21.223373 36.181507 
22.028494 43.048809 
42.640396 0.803663 
10.899925 54.121216 
10.317034 9.877926 
30.603632 16.154207 
7.881775 0.000000 
4.595532 6.884593 
29.903637 0.890092 
0.000000 56.309853 
16.632938 8.402372 
10.208214 26.347019 
5.732038 22.228167 
14.697433 15.442157 
18.142649 2.462624 
15.713096 40.031906 

16.437498 0.000000 
2.252849 11.448606 
8.004036 33.607128 
1.565595 29.494513 
20.138304 11.070784 
0.000000 8.273802 
17.208050 5.351101 
11.924876 8.820328 
25.031715 34.384712 
19.136578 29.504284 
27.541533 28.103170 
26.441689 0.000000 
5.496505 0.000000 
6.908781 16.563711 
3.097314 14.620783 
15.168683 22.140068 
16.584562 25.054892 
20.471285 35.437191 
10.230457 13.545404 
13.115307 24.533218 
30.979130 12.081725 
9.292995 54.019283 
23.408577 38.875431 
17.029270 5.763581 
4.351892 0.000000 
19.284384 32.210423 
10.794738 9.780457 
21.389738 13.434910 
20.418613 6.704861 
7.492535 25.164478 
21.631903 10.991822 
32.584690 24.571686 
23.092010 10.442489 
4.435368 34.856319 
18.677437 34.596363 
18.912334 27.886139 
14.812396 23.780117 
36.696514 17.833632 
9.411268 40.455570 
22.976509 33.024075 
18.276634 36.743378 
7.314209 25.183817 
33.574196 9.910700 
30.667028 57.766193 
38.768501 0.000000 
11.601444 32.670334 
3.529858 13.773658 
43.722321 26.397598 
15.700451 25.552242 
15.101373 14.418093 

21.066809 17.321739 
8.662564 37.689579 
10.089152 10.692159 
2.497579 36.689732 
15.185014 0.000000 
10.410348 30.617329 
6.350931 29.749506 
11.592401 51.993736 
19.060127 17.428913 
8.278724 29.666334 
11.705881 25.883465 
44.517059 4.361241 
11.212445 47.439018 
22.568562 42.489746 
27.983219 34.609463 
0.657556 6.425441 
28.549150 7.283384 
6.100142 37.110870 
37.788750 12.191011 
5.650883 13.752352 
25.651272 14.455422 
13.081532 10.302829 
13.590587 0.000000 
17.308165 0.000000 
42.116817 10.145506 
32.134312 4.299499 
24.942139 0.457161 
18.161629 0.000000 
6.475740 23.700483 
41.129089 2.332526 
31.954605 28.061836 
12.170014 29.750343 
20.373627 31.592655 
30.984102 19.903435 
16.453873 46.660202 
26.642399 21.388586 
12.394606 17.510178 
9.131805 8.497994 
20.722376 10.684770 
2.447720 17.419062 
4.829502 0.000000 
4.676199 0.000000 
27.590937 15.915541 
23.402231 18.796095 
12.446242 42.334808 
27.955029 34.777813 
16.913807 33.327225 
23.147024 12.796360 
41.283646 32.344677 
16.387997 4.043684 

31.617678 13.509371 
36.549816 23.563576 
17.632065 20.067062 
8.215338 16.939789 
24.907225 0.000000 
23.724344 4.841564 
17.081266 39.169361 
7.000208 45.304462 
21.044880 22.173197 
20.910997 32.149242 
0.000000 3.609256 
11.678517 0.000000 
3.760172 13.220836 
35.396774 22.030352 
9.084572 19.368649 
8.856559 23.785633 
1.814880 52.524300 
9.119365 17.363955 
13.354032 19.587234 
21.762333 44.771542 
7.149944 41.506813 
19.085587 6.049269 
11.004532 0.000000 
11.335069 36.394444 
14.796315 4.682973 
18.133545 27.334442 
9.841800 20.718519 
7.241464 41.104477 
34.406055 30.910507 
26.732592 27.661825 
29.526855 9.218980 
4.047430 28.861834 
5.368355 24.160936 
7.916266 18.359106 
3.335881 1.805571 
28.088530 36.707211 
14.291172 32.783989 
17.677710 13.434429 
16.776852 24.864010 
19.386105 3.612322 
2.329116 22.465263 
8.639369 8.048392 
3.188999 10.744696 
18.778513 27.042978 
7.106675 23.816315 
24.088051 12.660144 
22.209511 0.000000 
26.430059 40.189060 
12.588610 2.682177 
15.257230 7.352986 

3.356817 38.260105 
21.582478 14.456257 
5.835807 19.300117 
10.943028 24.435139 
3.332999 4.588369 
21.797415 14.695731 
0.000000 20.404787 
15.529514 42.335133 
10.121841 26.263330 
20.145105 0.595122 
12.422216 21.041233 
0.000000 33.095333 
38.705940 7.860559 
16.076187 25.557011 
45.085850 35.307323 
16.613913 39.257820 
24.150221 12.296983 
8.399510 38.047325 
30.093763 28.013681 
16.356903 22.312218 
6.550745 13.339242 
7.084210 11.944417 
34.966118 23.407019 
8.473067 10.608241 
19.516193 11.489094 
8.052081 4.643662 
11.376767 0.000000 
23.264072 40.899876 
13.912959 15.037164 
14.088432 52.044693 
22.794743 24.463789 
30.844112 50.444527 
30.387800 61.628941 
21.842302 25.461811 
17.247124 25.396368 
18.794996 51.920692 
7.521914 0.378305 
22.467098 3.767264 
31.805552 15.822807 
10.159154 24.250999 
14.874334 5.271489 
26.338781 8.365522 
19.277529 28.353191 
23.682207 12.767507 
0.000000 11.076601 
10.317645 0.000000 
33.204353 0.000000 
17.384047 17.228605 
26.572073 17.849325 
9.287175 14.103816 

4.058763 1.758749 
11.585294 28.698290 
28.569962 37.361305 
28.485794 0.000000 
38.845074 17.273390 
28.188139 26.404610 
22.225895 28.663054 
6.128672 44.803436 
28.165781 32.780083 
11.289848 23.003592 
26.479235 43.507607 
27.092363 37.253128 
18.029955 13.716234 
13.790026 0.000000 
12.349814 0.000000 
0.000000 5.827496 
17.463764 0.000000 
21.423977 16.930426 
0.000000 1.806100 
46.387867 22.222246 
10.950933 30.133760 
15.335721 10.745085 
12.544436 0.000000 
11.586395 23.294195 
50.199085 15.283007 
10.377496 0.207265 
15.274621 21.066107 
2.051066 38.204865 
36.426144 54.728172 
23.089403 19.890764 
10.942810 40.309624 
4.091767 24.802151 
32.253551 39.105713 
23.087349 24.974897 
20.185764 17.326256 
17.105171 9.758205 
44.800522 1.745714 
24.034620 21.110685 
21.664497 7.161995 
22.890196 20.712845 
22.754665 28.126289 
25.268803 19.526115 
29.373129 0.000000 
0.431576 2.598054 
23.349314 17.311979 
7.475662 31.493910 
3.957858 43.666473 
12.832663 0.000000 
14.154982 0.000000 
3.283714 8.241050 

23.588247 0.000000 
10.411134 32.661495 
7.825626 1.393383 
5.586310 4.219370 
2.671337 3.500074 
19.711960 18.767651 
9.193341 53.559189 
0.618307 7.108220 
18.612688 19.740612 
26.920191 13.778568 
20.714991 13.830170 
0.000000 9.439338 
30.359186 19.538216 
6.521338 21.568100 
23.001064 21.979542 
28.248751 52.006607 
19.683558 24.961843 
27.175943 26.450209 
12.864489 52.881035 
13.932634 21.426588 
0.000000 18.478558 
22.887758 6.818599 
8.073958 14.236289 
12.865279 13.481129 
36.837013 24.020180 
20.818670 8.964506 
40.283321 53.104507 
6.712527 30.714445 
16.190914 0.000000 
0.000000 10.752307 
2.530453 0.000000 
22.965620 24.508736 
20.212219 26.629946 
20.430548 14.283596 
0.000000 10.722661 
15.229884 12.144130 
14.603595 31.213667 
22.974808 17.886047 
12.730003 21.897429 
10.141057 48.318600 
8.015314 20.335531 
0.995056 24.742029 
26.698744 16.854696 
19.547901 32.524143 
15.148523 29.688725 
20.480721 29.985428 
10.498755 11.844157 
0.000000 33.428429 
27.900192 42.162910 
26.766159 27.369869 

14.436989 17.475807 
15.060266 26.777424 
2.336938 20.770552 
17.582647 8.306812 
26.708723 46.678020 
7.454444 39.370411 
32.595985 26.543800 
35.671963 2.765385 
21.371323 38.582523 
16.746828 8.227941 
32.148849 22.452621 
24.068270 13.654051 
0.000000 2.310638 
0.000000 34.776386 
28.468992 44.589272 
18.514805 30.472675 
20.003229 33.268684 
0.000000 35.657036 
30.675030 6.879243 
37.048016 29.619482 
20.030645 43.112423 
1.464941 55.948574 
17.867613 47.175274 
26.769764 33.502541 
5.971783 15.787236 
17.276922 13.419165 
0.000000 5.177564 
1.903456 19.026152 
23.160484 21.948425 
14.214648 38.023800 
28.450314 24.866562 
4.664577 13.106643 
27.084797 0.000000 
22.521667 29.180582 
29.711254 69.288773 
13.552249 24.827280 
25.240059 32.451809 
0.000000 14.825647 
6.846918 26.757490 
14.163463 30.127785 
13.513227 20.336946 
26.927759 51.763462 
4.681175 15.934509 
10.445562 20.830969 
13.912939 5.770871 
26.908468 19.175581 
36.975380 9.714658 
15.642919 34.141251 
16.681034 24.474316 
7.520390 0.000000 

17.008837 16.324640 
24.386515 1.005460 
17.921038 11.669997 
9.181880 17.325178 
13.408655 1.747427 
25.211334 38.672871 
27.735405 24.822113 
8.990602 10.188985 
30.173475 2.015196 
22.005604 23.370289 
37.061031 22.306332 
14.399611 15.452299 
18.501373 45.636791 
25.970999 31.624807 
2.547905 0.000000 
17.067719 0.000000 
17.641275 23.810640 
21.800852 15.732975 
15.469019 0.000000 
16.735533 35.820354 
14.857651 29.781759 
8.118887 20.595749 
15.815182 6.644050 
11.897001 11.920013 
18.227871 6.774614 
13.045910 23.201656 
33.630932 21.913290 
16.603996 21.513798 
18.642231 30.071857 
14.594451 51.644863 
28.611185 5.123908 
25.482906 18.702627 
32.572166 7.266905 
22.165171 0.000000 
11.244798 23.372324 
32.470249 27.129692 
4.964389 17.802250 
19.168295 33.903603 
17.250641 33.523979 
12.036238 27.027195 
12.394611 10.770819 
3.101809 12.928018 
9.675502 12.210873 
22.962381 34.385086 
4.258020 29.435694 
23.275690 17.743971 
32.732227 0.000000 
20.747454 17.402943 
3.916309 16.978939 
14.417606 20.749079 

11.207409 0.000000 
24.296286 11.687425 
1.618564 18.814735 
11.474845 13.687052 
23.327169 19.174620 
17.979721 36.836189 
19.117344 23.234570 
30.286163 24.621771 
19.738501 36.275669 
11.190151 30.148808 
34.512054 5.076236 
26.239504 19.534708 
18.513922 37.879128 
40.656956 0.000000 
26.637533 12.140015 
2.051796 0.000000 
30.810614 23.121935 
10.476556 57.883259 
43.583298 18.675985 
18.864033 34.546257 
15.928993 5.036677 
15.824351 19.730083 
43.480068 29.105644 
23.574560 11.190279 
31.506062 6.147125 
24.180109 28.415913 
11.641308 27.688898 
37.369762 53.562927 
35.363586 21.670971 
8.983220 30.079704 
14.496162 6.049201 
14.798156 11.188478 
16.916016 14.573449 
20.764471 45.044781 
14.142673 39.412663 
3.556393 8.237865 
12.514985 35.149609 
9.336802 23.716753 
17.481907 15.531340 
15.355227 27.291140 
1.737881 28.785942 
24.878101 13.818754 
14.770151 4.226887 
2.065053 26.323372 
10.347820 33.927570 
10.034928 34.083344 
9.651837 17.185434 
14.340233 7.180531 
24.380213 25.892538 
14.282722 14.478022 

15.695034 45.017754 
13.524166 34.398994 
24.482027 41.783379 
16.796024 16.333017 
18.395658 15.550178 
8.679906 16.166647 
9.138142 9.266659 
0.000000 15.617824 
15.045411 25.817198 
22.382376 26.461473 
18.569948 3.413707 
19.241383 13.236229 
38.159893 30.712975 
23.171719 16.041737 
17.016317 20.992128 
18.841690 6.764567 
24.545998 48.359951 
21.270456 16.399549 
39.127552 31.844177 
9.842395 28.953768 
13.505035 0.000000 
8.310185 20.947271 
19.614902 19.267744 
28.675919 6.353916 
7.893394 21.080038 
37.497364 0.000000 
20.695854 22.699589 
34.009960 37.465069 
30.452265 0.000000 
7.365341 0.374535 
13.737338 15.246251 
10.860774 21.444010 
31.562426 17.294149 
13.401119 42.215099 
11.926810 14.201595 
31.368469 42.728184 
11.990081 34.204914 
12.593687 25.946678 
30.275656 28.172243 
27.627285 35.880302 
6.300230 3.763084 
0.000000 7.654192 
16.382589 15.859710 
14.322803 0.000000 
13.130496 13.721379 
15.662499 0.453538 
28.244423 3.927534 
6.367763 11.431756 
24.935873 0.000000 
30.281237 1.925804 

3.260086 2.011679 
16.211239 4.208892 
4.453102 6.953843 
43.741043 3.113032 
5.131581 40.228710 
21.415102 21.890085 
40.318729 0.000000 
22.166367 32.434742 
8.680689 14.160074 
25.828106 18.151114 
15.037894 10.130724 
13.275087 18.271547 
12.806310 13.728977 
11.948212 32.204060 
30.416187 21.487967 
28.765785 7.117775 
33.145649 0.000000 
9.735343 25.921026 
29.021477 4.200690 
35.692207 0.000000 
15.184638 0.303963 
25.749233 18.116541 
1.252007 21.819635 
0.000000 33.589386 
17.748554 0.000000 
3.282453 53.340775 
8.397098 3.369863 
2.236895 7.240310 
13.480658 33.794659 
14.733436 24.609213 
11.895054 26.675159 
4.079268 40.640434 
29.120188 6.756134 
22.102001 26.315392 
4.043756 27.968042 
19.861322 22.635029 
28.656837 22.194269 
9.303874 53.012875 
15.717314 35.979115 
6.360041 0.975832 
17.186321 29.450275 
25.449900 38.241043 
34.565853 48.359123 
35.932053 30.274805 
3.721266 5.912872 
8.495831 24.231895 
21.278877 21.443266 
16.734295 32.555412 
38.463619 18.222174 
29.029377 11.281999 

20.496849 13.537521 
15.102943 26.009998 
12.670507 7.475080 
0.000000 0.000000 
0.000000 10.301203 
0.000000 32.435341 
15.391093 20.753229 
10.865965 18.965649 
32.492180 7.230618 
0.000000 0.000000 
32.270931 5.405406 
8.698655 34.694538 
31.120085 47.926849 
27.490644 35.607113 
27.491451 18.932512 
58.164783 13.578804 
31.586720 27.497604 
25.370213 0.000000 
7.749073 16.796988 
23.680777 19.183014 
10.854824 18.233023 
2.695327 4.927580 
23.089809 25.037014 
44.504761 20.149769 
22.595667 10.313717 
26.882774 17.987099 
35.260792 36.803665 
24.173227 17.658663 
18.571451 17.500696 
8.737433 6.856433 
8.840106 53.989105 
4.591228 35.237415 
15.855592 27.182161 
20.702515 27.310585 
10.987141 36.309612 
15.911502 27.131235 
17.508404 21.158751 
3.849730 16.538715 
14.338917 0.000000 
9.457597 38.758701 
15.029666 25.183180 
12.297902 0.932543 
11.197779 42.812611 
29.417900 0.000000 
0.000000 33.382694 
33.570610 41.540573 
13.987206 15.414731 
8.270948 25.523617 
7.855762 0.000000 
22.306479 0.000000 

18.161612 12.287862 
38.365803 17.564190 
20.853685 11.511102 
18.982519 12.875346 
12.039196 24.408134 
44.733753 32.704536 
1.386529 19.941441 
22.893934 15.495195 
36.158165 30.693535 
12.216279 43.595394 
24.282814 19.801388 
0.000000 27.080854 
21.636280 4.226213 
44.618382 20.431074 
15.182697 20.436377 
43.025253 41.778416 
26.160315 39.567280 
20.296152 34.063217 
13.960970 11.122613 
12.295627 28.368208 
23.503613 3.192878 
12.885073 11.184853 
0.000000 36.411819 
25.018818 24.591013 
3.905887 0.000000 
20.564627 30.073429 
22.077410 32.442104 
5.113731 39.235741 
31.344503 5.188076 
7.817119 15.620585 
15.078324 32.386490 
13.586411 32.480919 
2.741046 16.151928 
21.501631 46.637413 
24.712109 46.841980 
0.000000 39.464386 
21.636089 0.000000 
6.227688 32.355694 
8.338865 21.420322 
35.227962 45.951275 
26.194511 16.952473 
32.564678 0.740819 
10.497027 22.216440 
15.825982 14.660092 
36.106117 8.328513 
2.583946 34.783890 
7.886340 16.219517 
19.232456 39.063492 
0.000000 12.720462 
13.107232 19.755260 

0.000000 5.003311 
21.697857 10.897468 
26.624258 0.000000 
1.974713 31.937479 
30.404984 8.466525 
24.295012 9.271832 
10.493330 59.651020 
45.059338 14.451018 
8.935532 29.966980 
12.997408 42.814388 
26.551807 18.805826 
14.670974 36.323498 
23.371916 21.348869 
0.000000 9.243640 
54.191635 10.742702 
37.935452 12.232481 
18.439894 40.169071 
24.847435 9.196581 
22.969007 12.695003 
15.813095 25.142126 
4.583665 23.106779 
11.477556 7.255718 
15.471707 22.654745 
22.901342 40.940292 
32.395287 12.540570 
12.230573 12.960442 
8.435108 0.000000 
19.370747 10.897785 
0.000000 27.357275 
7.712678 12.041830 
16.719580 15.250165 
17.919483 23.225840 
28.507889 9.409935 
50.593121 9.598895 
19.003288 32.898827 
16.452305 14.616088 
9.805454 22.768938 
29.296705 34.849228 
54.401203 18.635902 
19.245178 27.376228 
15.288648 13.260535 
23.020672 1.371172 
0.000000 29.857227 
13.563055 25.396709 
25.239756 32.031620 
18.434166 19.189606 
4.441589 14.978230 
11.745723 21.961792 
10.211252 12.857223 
1.566317 16.993029 

16.538410 23.456726 
27.385229 31.646112 
6.457259 26.621517 
3.197063 26.040525 
36.336823 45.490532 
17.140127 15.358309 
2.705616 18.897280 
15.713476 22.231894 
28.300217 38.473389 
0.000000 46.031151 
19.620577 0.000000 
20.200163 8.827576 
16.195396 33.279297 
35.555775 31.221544 
3.864769 21.786663 
5.631207 14.953676 
21.447615 13.066960 
31.218048 27.371193 
9.357325 27.740479 
31.502180 18.460787 
8.818866 25.004635 
31.625380 17.084003 
40.659100 36.173878 
15.273919 29.126474 
1.523375 17.535419 
25.311407 47.253021 
33.046806 12.976797 
26.508904 11.669993 
30.366947 47.749535 
16.484327 18.334761 
10.943070 0.000000 
14.315694 18.443197 
0.448970 42.565910 
0.000000 8.221593 
18.364279 23.285215 
16.606958 25.823490 
14.660103 42.652130 
13.836905 23.866356 
14.880711 26.177883 
30.404613 7.073345 
10.119143 0.955301 
10.006619 7.618088 
0.184003 33.616306 
11.371504 24.372583 
20.944836 44.178963 
10.815474 30.705095 
27.164892 23.346275 
38.415932 23.946547 
23.389112 23.164537 
2.037543 44.436108 

0.000000 14.289184 
11.089124 20.546637 
14.351377 47.462708 
0.000000 19.566648 
0.000000 0.418701 
0.000000 13.337522 
3.725529 23.677856 
9.385537 25.794235 
23.215752 8.952003 
7.296488 27.189545 
28.573845 41.058708 
30.010914 25.425684 
26.515627 37.874271 
36.539783 16.142458 
25.400339 15.855646 
6.405965 19.497665 
6.852350 0.000000 
8.225794 60.990124 
20.863031 14.693372 
8.961565 25.940388 
2.649681 25.442440 
26.420254 0.000000 
24.978586 17.506189 
7.513102 28.193048 
0.000000 34.802006 
7.182931 21.484735 
14.567493 38.238113 
6.396971 46.112621 
7.690496 0.489217 
5.664063 12.552325 
31.352657 5.956215 
36.393192 11.427630 
24.350203 39.921806 
39.132450 23.138998 
6.740215 5.040118 
15.888708 11.675135 
24.106382 7.542934 
23.592075 25.638374 
16.488146 50.755192 
47.739929 31.771515 
9.699943 10.014525 
22.220612 41.033504 
19.854042 25.422844 
11.383585 4.243802 
8.354877 12.425391 
11.030167 0.994528 
11.249272 6.074413 
0.000000 20.186417 
26.340778 6.681364 
21.878439 14.954645 

32.699284 26.628988 
5.325830 0.649418 
16.736475 22.631332 
18.798334 23.069185 
9.760285 28.459698 
14.160239 30.368406 
30.582804 35.235199 
18.791435 1.759529 
18.379215 0.000000 
9.153440 26.731005 
4.673664 9.416293 
13.673219 41.873634 
11.209972 30.258549 
28.742516 3.264708 
12.153421 26.968586 
12.366127 8.959235 
15.288956 28.530182 
35.696617 23.943344 
14.875782 24.612246 
32.197697 16.424021 
11.986495 34.445869 
6.629715 31.858423 
26.814779 12.600538 
26.467106 13.403147 
12.997943 13.949580 
12.260222 3.312807 
0.000000 22.035667 
18.565571 0.000000 
19.055727 4.953880 
0.713663 19.427984 
14.700337 4.443026 
43.472397 11.083924 
18.761477 24.418793 
11.119267 16.907387 
18.107468 34.906918 
7.731238 34.687801 
32.074596 5.670247 
14.294613 4.000165 
29.364340 8.248423 
10.155151 26.513777 
21.650349 30.696524 
12.378049 18.622303 
8.917017 24.027044 
4.422001 19.231808 
38.445023 13.241109 
26.810854 10.391519 
7.568946 0.000000 
29.180117 59.248741 
23.044762 35.453594 
7.398949 57.031384 

26.780388 48.602875 
25.979715 28.426807 
21.033447 21.161743 
28.643312 16.768066 
11.527607 38.022678 
0.337657 0.000000 
7.099646 32.743027 
6.792137 23.076443 
3.325985 19.871023 
14.171899 6.172989 
6.222932 53.872356 
9.823594 1.784163 
20.571218 5.970214 
15.945300 23.108881 
18.956593 25.519196 
23.547792 53.743004 
16.022964 4.020737 
8.569054 28.510479 
3.417222 31.557211 
17.715002 28.910215 
31.800983 10.267702 
19.320356 26.878511 
30.425644 0.000000 
38.491348 10.155585 
0.573070 13.587775 
16.720440 2.829346 
16.698175 0.521877 
21.797523 0.000000 
25.943989 29.121031 
21.524357 21.785162 
11.598829 0.000000 
7.715647 32.097576 
22.957834 12.290794 
6.581009 32.280308 
16.165754 20.158491 
8.615775 31.914530 
12.331892 18.230690 
8.633062 16.298414 
4.017393 17.021065 
29.683472 32.167789 
26.072086 30.148245 
12.578784 46.303894 
30.260443 31.851868 
8.444491 12.364544 
29.690504 0.000000 
8.704269 4.521662 
10.899324 38.200844 
10.249197 45.993542 
0.000000 24.513165 
3.812310 17.033529 

37.569542 20.360723 
7.407450 5.345967 
13.539130 17.515491 
19.303743 34.728252 
42.342770 33.523308 
11.573853 61.764835 
44.194935 38.672291 
2.555918 23.691776 
7.113375 21.815985 
14.759813 25.456606 
20.909153 30.943674 
2.089602 2.386913 
9.408620 32.025589 
16.977810 10.233957 
8.148253 23.548401 
4.425753 58.646103 
0.819766 32.250027 
7.050041 4.890337 
7.719741 18.157362 
6.047914 57.974236 
54.927414 21.808655 
46.297890 23.896675 
6.302390 8.536318 
11.463514 0.000000 
42.317280 17.123259 
13.587099 25.030340 
17.440823 19.833769 
10.715594 8.914299 
10.418449 14.665183 
9.575559 17.247007 
14.870182 24.629412 
29.510170 45.155861 
27.862364 24.267809 
31.809355 18.663847 
30.656862 18.676176 
12.768329 30.511419 
34.053799 19.255663 
30.365831 0.000000 
14.379737 11.326995 
19.938168 17.329742 
7.261623 10.226784 
10.942940 7.834339 
17.903965 19.621851 
17.035969 24.729847 
23.732908 45.556965 
2.534616 43.328674 
22.433464 11.645307 
1.431041 24.470093 
11.193097 36.469006 
13.260770 30.061100 

9.114786 19.022182 
43.894638 21.083481 
34.367493 21.681276 
0.000000 0.000000 
19.195463 24.317307 
0.000000 23.224480 
20.564762 2.479704 
3.489673 30.502932 
10.968998 3.715650 
17.529015 6.713527 
23.107370 21.170982 
36.523731 37.800129 
16.262775 18.900106 
13.408331 5.052156 
7.630425 24.388739 
21.379429 35.312763 
24.999893 14.836971 
9.314239 43.189930 
30.833771 47.010174 
7.807848 36.289173 
17.835730 0.000000 
14.511374 1.707010 
22.417200 0.000000 
12.029363 9.174215 
13.318693 1.162428 
46.247417 45.588852 
34.798801 21.674528 
20.937500 14.393929 
8.608943 8.633281 
4.178185 0.000000 
20.030598 0.000000 
14.460356 18.653303 
4.001292 15.290749 
19.931767 18.910170 
18.667671 0.000000 
29.128225 17.748762 
8.724774 6.390649 
7.510252 12.701674 
14.809386 34.227962 
27.348942 22.391178 
13.130122 5.664545 
8.162637 21.159157 
10.188029 29.147873 
15.928123 8.303330 
22.823788 39.541824 
18.950823 31.647953 
30.370943 8.518625 
34.337978 33.905216 
6.389469 26.575188 
27.057697 22.111603 

11.147911 19.277956 
11.242280 4.120466 
34.568161 8.866384 
7.242640 44.547668 
12.466836 21.770029 
28.056520 15.745545 
22.664431 20.320644 
46.456871 22.981874 
25.762300 22.124598 
35.866367 16.176989 
20.561796 0.000000 
19.400341 19.231016 
27.448866 5.319619 
0.000000 30.628801 
2.470679 21.087585 
24.574360 10.267998 
12.122392 13.857911 
3.290229 30.706217 
22.692005 14.718097 
17.305407 30.235737 
20.737156 0.706756 
30.869730 42.239540 
33.737682 37.240910 
17.937216 30.405054 
11.096880 34.423264 
14.542803 23.477377 
37.446842 23.299181 
22.155289 19.749954 
29.740677 27.126345 
30.428801 5.121169 
1.316434 37.162617 
13.097481 18.236092 
0.000000 25.513788 
10.142340 0.000000 
6.933534 49.820023 
12.572514 16.347376 
30.556360 20.557537 
11.679851 46.494183 
6.022404 31.717871 
16.068949 3.320229 
22.899010 7.482460 
28.949160 29.217939 
45.750504 0.357318 
45.017036 21.790558 
26.334417 15.206134 
31.740307 0.000000 
24.832264 11.734894 
15.106117 54.367672 
12.490201 24.375860 
22.626808 0.000000 

12.745525 1.553866 
21.434214 29.810959 
10.145781 21.047461 
6.734460 43.155670 
9.955750 16.426613 
32.271656 24.836489 
26.952299 27.213131 
27.385099 10.315354 
14.733366 9.451266 
9.220956 6.194207 
17.619711 54.837940 
28.606970 27.567854 
16.034817 12.889832 
24.396627 20.959381 
18.576233 5.225864 
5.899794 7.488511 
8.688293 29.304878 
13.167260 19.744160 
10.607251 0.377636 
13.701714 13.720567 
34.850567 11.540707 
22.902157 38.885330 
39.259190 0.000000 
7.942282 19.023581 
15.254048 25.011833 
5.394274 6.684857 
11.062576 11.442204 
27.814770 43.204926 
15.432047 18.812796 
5.103361 1.923414 
13.243206 49.115887 
11.444188 11.564277 
28.694603 7.504044 
19.256042 23.070156 
9.429034 44.766171 
4.470725 26.176619 
5.122509 19.032253 
17.005766 31.036959 
23.141659 18.630325 
10.346056 0.665972 
9.865704 3.824713 
16.455284 0.000000 
31.306644 10.832756 
13.028501 6.842237 
6.910350 24.460661 
25.904850 14.407680 
14.231749 31.980177 
36.299938 21.683687 
33.670589 11.611619 
9.875021 0.000000 

33.936535 27.938026 
14.523824 34.936878 
11.768596 38.240334 
13.822152 40.658031 
35.570412 42.426075 
6.377145 4.400424 
24.471975 10.978167 
21.112118 19.064840 
17.166681 20.731091 
54.801468 24.098579 
26.046701 4.371970 
33.082531 15.883702 
7.842487 41.965763 
41.580307 6.154616 
25.582996 17.060898 
12.584969 19.638742 
20.119057 33.221039 
18.681866 2.471795 
1.995284 30.636982 
16.566366 28.384178 
45.572586 8.196834 
50.737812 12.988191 
26.155636 10.655227 
16.946117 33.936172 
14.166795 9.308098 
10.780509 13.431084 
14.653085 28.083447 
24.399960 29.770857 
32.249359 28.897236 
29.857853 31.301565 
15.093201 26.964657 
0.000000 24.265615 
5.376545 37.459984 
7.689543 30.335659 
12.577471 2.704767 
26.444965 36.635983 
25.309475 8.039574 
28.545271 43.715054 
37.273624 22.877741 
26.301022 13.811083 
22.935034 55.434597 
17.713482 28.224298 
19.688440 1.322050 
22.371016 31.988468 
0.000000 46.825840 
14.613540 0.000000 
44.028332 23.414717 
25.481503 23.433863 
17.944012 14.256625 
6.750426 49.283108 

23.258595 34.183285 
34.219158 13.986418 
18.605032 39.635738 
6.207814 43.635769 
0.181066 41.074501 
20.682772 26.992994 
18.578815 59.813007 
11.846912 24.560196 
23.781658 38.338428 
36.560745 14.112952 
7.039107 45.472630 
53.736622 43.812469 
39.414196 34.838394 
36.800171 2.780299 
21.548256 15.432879 
37.855724 7.655924 
21.582766 3.265802 
37.007153 3.232527 
19.807846 4.334295 
0.495424 2.696904 
39.418591 4.085112 
11.576689 0.000000 
33.469902 9.489968 
19.823557 19.446413 
13.667350 9.210311 
17.234550 18.549223 
22.415421 31.932594 
6.133104 9.099456 
4.398605 37.537376 
11.728958 21.751148 
9.216919 17.240404 
25.484449 14.527926 
22.387772 31.461731 
22.445498 1.389766 
16.879742 3.697922 
17.739836 19.927500 
11.833375 9.776857 
14.758936 7.741946 
15.816010 48.896240 
11.615576 35.778500 
2.647133 41.065639 
24.044188 1.832777 
11.478855 33.444214 
13.520832 0.000000 
19.226324 14.253382 
12.751106 10.315229 
32.502480 30.344488 
34.981686 13.292853 
9.819825 50.727409 
0.000000 25.642782 

28.759108 0.000000 
13.445362 26.398762 
21.779980 0.981477 
0.000000 37.902451 
21.137787 32.617130 
22.472589 14.092889 
24.507999 18.589132 
12.320040 14.457759 
13.349595 20.545298 
3.228747 0.000000 
21.652662 5.545788 
22.722357 19.315292 
16.300491 0.000000 
19.610821 14.608688 
7.785073 27.657942 
8.256284 16.845890 
11.646860 2.738592 
0.000000 26.861532 
38.450298 36.126411 
15.532032 22.798641 
23.300280 9.200526 
6.709673 17.154015 
14.361858 25.467010 
4.601180 19.765970 
11.581583 15.085634 
14.239599 9.231098 
15.957172 18.456724 
19.065845 39.143227 
5.519173 28.242107 
14.893856 16.723488 
23.874269 9.449798 
32.442204 12.026900 
23.887785 7.019584 
13.732220 28.451715 
11.984341 49.950977 
17.364157 21.368418 
40.511776 17.072380 
12.512391 32.662834 
23.528725 34.145985 
6.552553 14.492743 
17.440077 43.881062 
7.026712 17.042725 
0.000000 41.348217 
21.785645 17.488401 
21.869791 11.867012 
10.284636 17.263599 
25.321180 19.479725 
17.170248 20.514473 
23.253723 25.668674 
4.386153 10.846599 

14.084875 21.299789 
30.131536 31.914331 
7.278391 34.881172 
17.853016 9.937845 
28.656549 12.935669 
27.678400 7.630188 
26.700464 38.416416 
0.077064 34.413807 
16.787373 27.016745 
23.704435 35.134998 
24.180517 26.586597 
0.000000 4.547075 
23.610752 40.615398 
19.316383 19.736588 
37.245152 39.725399 
15.221489 6.192840 
10.436498 29.282871 
0.514022 35.406242 
13.930247 27.887793 
8.377495 8.516960 
29.394634 19.802666 
19.659515 34.094978 
36.502213 18.244587 
18.794525 52.369171 
16.104202 15.193838 
9.318490 8.472799 
23.725897 13.378950 
18.269262 41.519447 
21.030746 20.029327 
25.381487 7.524183 
15.787171 47.730137 
5.794223 19.343590 
20.396040 20.605755 
22.249865 0.878806 
0.000000 7.213186 
0.000000 13.637026 
17.540085 32.159554 
5.452651 34.349934 
27.782516 17.568096 
19.236902 39.083927 
14.601291 34.778767 
9.131977 16.351526 
14.050512 19.418016 
18.465603 32.501686 
28.047693 37.208134 
5.202862 34.006409 
19.991203 0.000000 
1.073137 8.372304 
26.641785 19.457602 
25.467230 9.221506 

28.532051 13.064616 
0.000000 9.812912 
15.832353 37.696369 
34.757484 35.644444 
43.846291 14.096129 
29.645401 6.963775 
21.294439 14.234783 
17.299500 12.680223 
23.206718 26.956327 
1.722683 39.417515 
4.448723 0.000000 
13.114198 23.744619 
16.358461 32.387737 
15.711242 27.841946 
25.048836 5.302093 
6.871669 12.897698 
18.669750 27.437040 
21.747856 44.279980 
33.016754 24.396332 
27.660475 23.258766 
29.255362 6.080872 
9.843198 40.848934 
21.278908 0.215869 
14.681298 11.235586 
16.173410 30.999147 
10.066372 19.948370 
29.909050 12.617107 
26.355326 16.564119 
10.306983 11.771555 
21.552191 5.811572 
11.596180 8.197038 
32.053730 6.527127 
10.471370 38.323257 
20.545094 21.302860 
22.013012 42.527237 
25.068378 27.189337 
28.914389 14.901295 
21.088831 37.708664 
28.269535 21.649847 
29.912958 3.552290 
30.098387 27.542189 
11.894235 39.600525 
11.652334 19.931124 
28.459146 0.000000 
19.221945 1.970608 
28.579271 7.363211 
15.074176 28.032234 
14.330023 16.539665 
19.991552 6.389221 
8.178664 15.378506 

20.411444 31.729454 
14.549883 12.329105 
14.807159 1.494033 
12.494604 2.222514 
13.976021 7.849863 
25.925518 22.712828 
0.611783 23.608337 
18.473652 20.370899 
9.688871 10.372834 
6.132267 17.574041 
4.059083 30.935209 
13.914039 12.366201 
23.372196 26.504848 
15.108723 0.000000 
12.947321 15.049143 
31.495142 30.214064 
0.000000 35.754349 
3.814670 16.428444 
2.433040 17.539608 
24.255987 22.679476 
16.693071 0.000000 
20.738688 6.577100 
41.934734 0.000000 
18.460693 14.079517 
0.000000 15.577784 
3.812963 15.927142 
4.494687 0.000000 
0.000000 25.471125 
18.231127 9.364613 
34.210724 32.881466 
11.935695 13.842145 
14.765400 26.148394 
20.739666 5.917594 
0.000000 39.660393 
40.224068 14.888975 
6.582733 10.331544 
9.584147 20.721542 
19.260033 0.729730 
6.211605 0.154405 
2.081905 4.443963 
17.535839 14.580430 
18.064287 49.256737 
20.103682 14.784199 
20.106295 0.000000 
45.993259 38.804317 
10.364149 32.804401 
14.260594 49.603104 
20.429066 14.418838 
21.916077 14.520641 
24.413519 37.969276 

6.741664 0.000000 
4.812741 12.977293 
14.128719 14.192483 
20.136795 0.000000 
8.127645 7.658965 
19.878359 28.622007 
10.520916 26.299915 
19.273109 0.000000 
28.472733 39.194134 
25.183653 19.906311 
6.593662 31.765186 
12.041015 17.911465 
15.151041 3.986301 
0.000000 12.992301 
22.396620 37.168705 
15.145443 9.602389 
29.017124 43.127113 
18.427469 21.915745 
12.836292 6.109796 
21.366304 33.855396 
10.097058 18.516153 
6.454454 4.710795 
0.000000 40.595352 
21.206623 71.074066 
22.822975 36.003937 
14.085289 37.943130 
21.747633 21.152603 
8.265329 47.173630 
16.969234 26.692518 
13.324357 16.167885 
12.868225 12.822971 
4.193315 19.160664 
6.591315 0.000000 
54.641621 38.371140 
36.392986 10.873748 
25.286968 19.775515 
6.291435 45.900803 
29.696272 17.529547 
36.885025 30.806595 
8.312656 22.251900 
32.522186 31.278261 
42.557339 16.669216 
7.336944 30.488863 
7.164353 36.237991 
17.910055 22.351034 
7.943833 5.745629 
0.000000 27.807072 
20.495453 0.000000 
19.108091 55.029472 
40.571003 15.801014 

33.452385 12.654855 
23.512524 3.732401 
10.110809 3.943914 
8.630105 0.000000 
0.000000 20.545393 
11.698359 14.148568 
19.306877 29.750114 
28.137661 22.158890 
17.131392 23.230120 
13.199497 20.070614 
32.958836 33.916420 
15.392270 41.939014 
30.897440 26.778780 
15.904545 16.841347 
32.850517 21.694960 
15.035182 27.631939 
26.130564 26.338650 
22.939447 28.614849 
0.000000 17.485167 
9.243018 54.667183 
29.429295 8.514628 
24.204409 29.855030 
28.906719 44.390896 
6.775239 7.847845 
12.105034 20.954620 
15.443390 25.683258 
20.257721 27.916693 
17.936367 22.404085 
18.358793 29.024088 
12.221408 0.000000 
18.897234 33.638046 
17.266508 30.695469 
33.148067 12.560622 
22.499506 22.435398 
24.314646 0.000000 
0.000000 32.682560 
4.311254 16.369745 
26.870770 0.000000 
7.205611 32.039650 
8.549629 0.503938 
0.000000 19.982901 
22.846767 12.484065 
18.148594 28.704838 
18.575373 46.623932 
6.893322 27.548283 
17.266964 15.236181 
17.005436 7.832061 
8.188174 12.351105 
29.503067 32.838715 
0.000000 28.877041 

5.037988 2.778549 
6.939114 56.311939 
52.522480 0.000000 
14.475839 49.965000 
19.821329 18.676008 
10.324835 6.038673 
21.802681 1.478841 
14.191805 18.869762 
22.289801 0.000000 
11.787949 29.931158 
24.441624 32.217049 
41.300823 15.579910 
0.000000 5.402069 
4.569690 0.000000 
21.008884 10.624435 
11.754461 31.271128 
12.222531 9.373671 
16.810940 25.507063 
21.872686 56.513615 
21.831457 7.407741 
38.097389 6.650216 
25.138517 0.513674 
6.996110 25.119314 
23.614353 18.487347 
2.797606 25.871223 
13.134858 8.629455 
14.017275 0.000000 
20.854111 19.966545 
2.165948 11.456431 
18.049686 5.852689 
18.138634 19.909891 
7.798069 47.749126 
18.509979 23.865965 
9.404585 0.000000 
7.100587 2.244301 
19.272213 26.070452 
31.825787 13.117388 
21.084826 0.000000 
7.203393 46.166737 
16.332253 13.983638 
31.201807 24.463974 
30.286289 56.731533 
22.937828 52.683418 
31.055555 23.325016 
29.810116 2.257620 
38.957390 21.942888 
27.645809 20.399025 
32.267338 14.625345 
16.033899 0.000000 
26.064543 38.710320 

27.774466 23.906046 
23.054436 26.459961 
13.364522 44.916668 
14.275287 12.060836 
42.017899 21.174444 
16.824547 22.280632 
21.818087 11.494946 
26.721245 1.707440 
8.188661 24.506552 
20.628387 45.598038 
24.635355 15.345678 
5.324079 25.845205 
37.838921 15.801010 
5.301991 33.459042 
5.804991 32.626026 
13.792063 51.003235 
17.419512 3.765056 
5.865784 25.596901 
28.852797 7.897310 
9.600491 0.000000 
24.698410 13.792679 
26.546982 22.823833 
36.007126 19.036587 
17.913094 32.480724 
17.762321 26.957703 
17.115852 12.078162 
17.327082 17.994709 
22.799528 31.006832 
4.871180 9.612378 
33.234863 24.072794 
16.270115 31.562204 
22.934729 6.060834 
42.289429 0.000000 
4.390391 27.487997 
0.000000 37.008457 
37.842628 19.832022 
6.623796 49.001007 
54.614861 43.541649 
32.967529 0.000000 
0.000000 25.685600 
16.868195 23.780811 
15.726254 18.870350 
18.989311 28.060898 
13.294496 21.840351 
10.001521 0.347513 
21.653713 0.000000 
15.113646 24.260534 
29.083435 25.671078 
10.490547 56.631432 
10.172038 0.217820 

13.884956 43.210926 
36.877045 31.358942 
39.341309 20.460390 
30.106049 13.969120 
13.564781 14.896796 
20.108950 12.772678 
14.023182 16.780561 
11.310209 0.000000 
16.564772 2.654135 
13.597883 21.506731 
11.682849 30.637537 
14.068343 32.232193 
11.997770 12.754140 
22.879570 7.648651 
27.631861 32.277679 
7.036446 12.983993 
4.226968 39.447826 
19.769476 34.030842 
24.147820 3.401312 
15.680677 60.999447 
11.020706 7.673811 
19.157892 33.651829 
21.228725 29.334877 
25.789217 0.811297 
6.627913 37.498791 
16.635347 22.209641 
29.195894 15.669505 
0.000000 13.317612 
0.000000 45.746132 
32.805328 23.895090 
8.632461 0.000000 
0.000000 0.000000 
17.717091 10.508843 
3.432814 29.661283 
36.654842 0.000000 
30.796366 18.699160 
32.077633 13.958765 
49.541142 8.213075 
28.019625 16.886124 
43.440582 32.108292 
11.514588 2.317003 
4.313678 12.479937 
11.443797 8.721763 
14.366363 29.954294 
44.984921 22.923845 
13.666273 0.000000 
17.559029 13.876612 
22.449263 21.283159 
0.000000 31.603088 
11.893682 3.239206 

15.335820 0.000000 
26.282114 9.252996 
12.196404 7.702707 
26.321953 15.886776 
22.094402 14.089952 
3.802584 11.702274 
11.722270 0.000000 
29.009275 5.409203 
23.440336 16.896763 
11.041482 25.602676 
7.483001 0.000000 
7.525228 23.805676 
0.000000 15.906441 
16.007208 21.123087 
32.065262 25.196009 
27.902075 47.568954 
21.872448 23.335703 
30.433092 15.054593 
10.770460 27.447342 
13.599883 15.614431 
1.892315 16.542521 
26.989864 17.843523 
6.820418 27.748871 
32.291954 24.576891 
0.000000 75.793533 
20.446114 30.736494 
17.959192 17.670591 
10.837436 18.280239 
7.592546 24.006792 
2.502162 0.000000 
24.976162 8.938774 
36.411587 34.480980 
15.701929 49.942272 
13.795279 27.894087 
20.059858 4.834855 
13.595661 22.912603 
37.847439 17.526512 
24.469248 12.397467 
0.000000 38.231689 
27.950411 0.171543 
15.572535 37.390961 
0.000000 19.453136 
42.832489 15.270958 
30.559315 19.733278 
44.781139 25.157055 
15.758320 10.002872 
34.194164 11.127942 
21.229782 15.364171 
35.876831 42.346668 
5.210214 26.774082 

19.928497 21.304209 
3.183716 14.241799 
3.489506 32.235058 
23.919439 15.282956 
21.243320 0.000000 
0.000000 16.156160 
35.685940 20.977579 
18.466568 2.224499 
13.638887 22.589149 
32.867424 5.060791 
30.028006 17.147079 
10.888789 0.000000 
25.965569 18.269110 
26.490564 13.867897 
45.307514 0.318218 
22.730793 3.714289 
0.000000 5.893838 
9.147788 6.604782 
12.838620 22.638351 
12.894605 3.767337 
34.497997 32.366821 
10.324661 41.745655 
33.963123 14.286416 
40.526165 14.211165 
8.190342 34.329990 
17.978462 17.507215 
1.874492 41.463333 
11.760763 31.709049 
9.682918 23.516846 
10.134007 33.261230 
23.221956 13.960637 
21.465538 0.000000 
0.000000 20.349691 
3.570469 8.954917 
43.631374 0.000000 
3.578165 10.771278 
9.375356 20.038200 
16.029020 31.584568 
29.479542 13.141614 
12.505300 13.825301 
44.362896 0.000000 
45.528065 31.670658 
12.961564 22.396778 
25.087519 27.093571 
7.949564 27.395794 
23.070683 13.034328 
38.396660 35.875195 
11.370862 33.519165 
10.740319 14.796978 
11.717760 5.971470 

10.118942 10.866223 
15.498687 30.028540 
36.294079 16.925354 
27.707104 10.170627 
27.209074 2.012307 
13.857446 28.825548 
28.194008 19.324982 
12.148518 18.217884 
28.354177 25.272835 
35.700268 32.038807 
8.774659 16.103413 
16.782515 7.240306 
20.202497 17.977547 
35.298489 5.395167 
27.363680 31.771816 
13.984294 39.651035 
14.901365 26.815542 
33.095802 27.285385 
16.933199 15.172146 
7.710119 4.823653 
10.023316 10.915790 
5.459704 32.233669 
37.740788 4.149629 
24.844143 37.107327 
15.942406 45.627697 
27.092625 12.877534 
0.000000 35.754555 
13.306457 16.231638 
31.139404 15.702600 
17.303598 24.191381 
18.310593 38.778824 
22.183825 8.159055 
11.745354 43.197910 
6.109961 26.870773 
37.008171 0.000000 
30.282631 38.278145 
19.017139 43.609333 
18.688553 7.509734 
28.491024 22.648924 
19.357956 0.000000 
9.824887 19.215960 
6.451895 2.648698 
28.715349 5.387889 
5.898994 15.477365 
12.484233 17.761936 
26.266567 24.535328 
27.437922 4.122568 
11.875223 35.742569 
24.920925 47.948784 
20.821423 0.000000 

2.489690 11.623861 
10.475770 18.445766 
9.440834 0.000000 
0.203846 17.064932 
19.194477 33.756447 
13.627048 33.463345 
42.631207 8.011610 
20.714945 36.830704 
9.224672 24.366543 
20.470861 35.748440 
25.758411 10.480651 
8.707330 6.266841 
16.472914 16.227467 
7.668063 20.501711 
42.083153 19.643293 
14.023527 10.419316 
14.572700 6.189470 
3.599848 11.299891 
17.661360 36.660042 
20.655668 25.512281 
20.277746 33.519863 
34.156551 22.271990 
36.539742 12.001107 
15.975039 15.468483 
15.815385 37.946701 
25.375940 5.393127 
5.928107 61.026508 
2.850422 31.163528 
24.805031 41.463512 
34.319866 15.696294 
40.791653 4.174366 
12.739270 0.000000 
29.239614 12.714382 
15.222386 17.999699 
21.919090 0.000000 
18.671196 0.000000 
16.483284 5.057123 
21.519762 26.925581 
2.330387 6.290319 
21.251171 24.922983 
16.904577 24.144444 
2.718763 22.624472 
19.697268 14.875896 
21.031406 14.754873 
31.960932 2.722018 
10.032869 2.892988 
31.329063 0.000000 
23.876545 30.029922 
4.810971 9.993146 
6.375082 24.262125 

30.024723 22.171352 
33.217155 24.199472 
12.534137 20.952351 
5.580793 50.400692 
25.809793 27.752634 
34.027473 0.355886 
5.256636 0.000000 
18.193653 22.616158 
11.771182 35.365128 
12.658783 4.034581 
10.523179 25.998255 
35.512424 23.384209 
17.130907 41.976814 
26.459093 36.624115 
24.740492 0.000000 
0.000000 17.995457 
9.917056 53.015617 
30.283323 26.427599 
6.955595 20.235739 
18.796127 4.615868 
18.050991 15.134665 
19.935204 0.000000 
40.087704 19.573202 
11.328877 46.353222 
35.473381 59.161259 
39.070305 9.160856 
29.815697 13.102744 
43.697273 10.566231 
0.011408 14.750283 
0.000000 11.696856 
12.275285 14.539867 
30.605204 38.004223 
13.506990 16.601282 
9.546392 0.000000 
21.694662 11.492824 
30.258961 17.463511 
28.688868 28.454273 
10.311490 37.003548 
7.304355 12.332498 
19.351048 60.807980 
22.818018 10.744801 
24.697664 45.897709 
25.649467 14.338327 
2.300902 3.993095 
10.710777 11.510227 
24.478481 20.107452 
26.836239 13.312544 
41.962086 48.406231 
6.514387 30.733599 
15.028096 20.261248 

14.525306 4.549632 
4.639270 34.839737 
0.000000 10.891699 
24.850338 31.222506 
9.935215 14.033795 
14.779598 21.208939 
8.864499 3.388098 
43.353077 29.891037 
27.925261 20.589268 
21.314308 18.727167 
0.456195 27.193045 
19.280127 23.158936 
13.970545 19.739616 
18.209766 24.727207 
19.731064 21.617052 
1.643592 69.211868 
29.495838 0.000000 
18.885792 17.560858 
18.006052 21.028507 
26.099012 20.321037 
30.953436 3.832631 
10.967317 19.431404 
13.553728 0.303291 
26.256399 17.427883 
9.984776 21.889025 
17.058870 25.465187 
5.452052 13.124795 
20.182251 3.805917 
41.312626 34.957947 
13.040438 18.728798 
15.170498 11.509481 
17.790529 14.056474 
11.921177 5.220158 
12.805075 10.482077 
6.398762 26.175545 
0.000000 0.000000 
21.020182 13.883590 
36.264591 31.534269 
25.622736 43.893112 
26.494350 40.910362 
47.093681 0.000000 
0.000000 23.030912 
0.000000 18.974483 
22.054665 22.828268 
8.329999 0.711082 
18.465830 8.955327 
2.330109 0.000000 
6.721597 6.526438 
28.218916 37.215626 
8.021884 0.000000 

23.752071 36.781357 
2.225258 40.569843 
28.231714 17.403137 
18.368982 0.000000 
26.030981 32.396080 
13.145060 10.074946 
19.357286 10.317787 
8.616490 14.731715 
16.183929 17.643610 
14.351793 0.000000 
0.000000 19.932989 
7.918546 40.241608 
22.993856 35.307926 
12.971127 0.000000 
15.565235 0.000000 
21.818213 0.000000 
20.087313 35.442196 
19.940716 9.998397 
31.540791 32.399048 
15.894634 6.561314 
14.107893 21.506020 
7.115949 0.000000 
2.980627 0.000000 
0.000000 18.761269 
31.788992 8.643728 
29.186010 31.334326 
20.473173 22.360865 
23.226084 24.548929 
0.000000 21.727571 
20.182859 0.000000 
0.000000 2.415315 
13.834893 20.161570 
19.345057 31.496401 
14.059791 38.755939 
32.831055 53.774437 
16.133369 11.268124 
16.212132 23.739201 
20.357374 17.037945 
18.046770 25.273808 
30.602493 27.192900 
21.953373 11.903155 
34.841908 27.967424 
18.341583 39.937187 
14.413330 24.742596 
33.177559 15.969440 
23.341185 23.093185 
25.319368 0.000000 
31.778986 20.381821 
6.020376 16.567762 
15.844756 23.687922 

11.157481 12.669168 
44.305714 32.330441 
31.240891 2.664782 
19.518185 33.427910 
27.826782 14.334192 
25.426107 37.846272 
12.209010 13.716205 
6.986787 18.127535 
6.235562 41.231514 
18.416037 53.703934 
0.000000 35.731735 
11.034627 19.446075 
11.105823 33.764759 
36.190983 9.392887 
16.274004 8.973104 
20.848526 16.434717 
10.173068 10.636902 
21.775541 17.353514 
18.682682 8.275588 
31.021822 32.878429 
18.798697 57.420609 
21.386684 24.622051 
6.503448 32.141861 
16.243816 21.874010 
17.961697 0.000000 
11.517255 5.050584 
10.513832 13.283972 
20.706264 17.063004 
21.419577 9.090838 
37.444450 29.619896 
27.125893 39.121460 
38.941921 5.129045 
15.507627 1.621359 
4.491326 18.307552 
20.912321 6.419875 
13.751407 18.290777 
11.417357 12.489579 
0.689463 12.760070 
17.514664 38.106956 
6.029585 18.532669 
14.089384 22.448526 
4.633448 22.695984 
19.284458 11.539023 
26.353741 15.999490 
4.399038 24.705061 
17.364559 48.766911 
23.205080 7.095254 
14.534456 10.026769 
7.272057 8.526892 
1.110769 10.955398 

6.077592 24.478542 
30.596529 24.367487 
16.001507 36.348331 
44.336182 34.483948 
19.966290 22.850941 
13.021545 14.932718 
38.046589 19.491076 
31.686075 26.099894 
27.983541 21.297012 
24.420135 23.250870 
40.649323 20.390682 
0.000000 17.595310 
7.237576 29.419178 
15.940886 10.069823 
19.422871 15.939116 
29.466562 23.393009 
0.000000 18.189772 
44.946159 15.868535 
29.409304 33.766899 
19.788280 10.609583 
8.071486 29.693649 
17.869608 39.770424 
14.189742 39.450623 
11.485183 52.252407 
34.157291 22.251963 
8.711791 44.666504 
0.640923 21.871124 
27.232168 16.797043 
2.827115 0.000000 
17.412743 29.386354 
16.080080 0.000000 
16.073168 24.612612 
14.666752 5.493760 
51.492374 25.708115 
19.922035 19.788261 
18.165550 3.902334 
28.093737 8.738801 
19.906370 38.004784 
6.067359 20.081675 
25.828024 6.910738 
11.637195 22.570196 
12.451946 36.568344 
33.998981 25.280300 
28.636185 21.125563 
41.624493 21.695438 
8.725779 14.110929 
11.086529 28.591387 
17.148872 0.000000 
22.327387 31.495260 
24.520477 13.431706 

22.760216 24.740229 
14.910188 27.882620 
21.867649 24.624731 
10.884586 24.387161 
23.453054 21.934956 
18.028070 6.614455 
28.644653 0.933837 
19.169872 22.470287 
17.122721 13.768278 
15.716695 18.297501 
33.307541 17.512402 
29.592688 41.670818 
47.966415 19.009129 
31.865543 25.335182 
8.447355 32.064308 
19.759966 28.346462 
16.103800 23.044445 
20.178169 0.000000 
12.604760 19.575584 
16.001379 12.678146 
19.388618 30.043108 
19.478060 7.429697 
24.351406 13.151518 
20.403234 33.738960 
11.468818 9.765784 
22.348524 32.699852 
8.911937 14.681340 
0.000000 0.000000 
0.000000 38.127254 
11.637631 0.000000 
0.000000 29.599537 
9.696340 20.831043 
51.800610 3.323673 
15.421772 70.101990 
38.607651 25.352684 
14.084450 22.841145 
21.663185 16.680912 
17.987316 0.000000 
20.795897 22.877289 
27.725431 8.656033 
7.945982 48.870953 
15.407148 24.445910 
2.391761 5.623451 
24.297602 0.000000 
4.236184 41.574360 
25.111729 23.931410 
11.148554 32.948410 
18.798317 3.789112 
5.047518 26.990801 
18.126087 9.253135 

40.319958 0.000000 
6.996246 31.111061 
11.403052 16.353052 
32.332245 30.174961 
27.427990 15.755213 
32.709400 30.454218 
41.026287 34.612194 
22.080297 32.034058 
3.248844 2.267372 
19.391916 8.492048 
7.747330 0.000000 
0.000000 13.219053 
15.840446 29.433874 
16.096092 33.869637 
17.588205 8.111502 
20.602325 25.684971 
17.563568 16.519993 
0.000000 6.391577 
13.519551 22.798004 
9.791919 24.063644 
14.704300 20.616552 
7.561727 15.555248 
13.345209 15.281365 
36.150974 2.495326 
11.381870 30.558720 
12.569573 34.191319 
15.923281 16.960909 
21.207487 37.043350 
18.914770 30.489592 
23.349085 35.950687 
59.851471 39.723648 
29.266125 31.450233 
13.160668 0.050020 
12.583313 23.294794 
12.229302 0.000000 
0.000000 27.426561 
23.697498 31.119732 
18.588503 18.674364 
32.297581 0.000000 
14.744845 32.105286 
12.929607 37.328163 
22.465731 21.996479 
24.325241 18.298473 
2.714779 7.191038 
14.705353 37.970787 
36.165741 7.999525 
23.917433 15.890614 
36.971607 44.344040 
17.585878 30.224749 
32.656174 17.548168 

22.620623 0.000000 
26.457989 21.619347 
14.876192 5.794933 
31.672415 4.673531 
9.158360 43.239307 
22.046103 39.920498 
33.217201 0.920266 
24.271595 34.780846 
9.339478 22.377613 
18.105331 6.193669 
35.221073 18.632519 
21.525293 26.643621 
9.524028 34.335239 
9.518806 16.789909 
30.736830 28.378582 
20.799101 31.940973 
9.934379 17.417017 
10.239615 29.103926 
23.624241 12.849334 
23.947174 10.383217 
14.482906 41.805508 
23.803051 38.385147 
26.731316 0.000000 
11.530400 19.169741 
14.469038 23.212261 
0.000000 0.000000 
0.000000 15.609943 
0.000000 26.832842 
36.753933 19.053701 
32.654060 10.177426 
19.199224 0.000000 
24.392603 9.156203 
23.805193 41.742241 
22.218225 20.638721 
20.507290 37.260269 
25.541771 37.870949 
23.847013 28.419142 
1.263131 34.560760 
7.426014 5.760746 
15.662981 8.776855 
23.821280 30.311892 
10.296367 28.808462 
38.077244 15.016680 
29.648951 43.516186 
10.723561 24.913544 
31.792076 0.000000 
27.726959 21.994431 
15.342919 21.456827 
15.834929 20.693388 
8.990234 14.624452 

13.068494 0.000000 
15.519242 12.614694 
20.470303 21.516922 
13.919271 19.984230 
14.183594 35.377167 
21.321770 21.024029 
0.000000 22.809067 
24.296221 10.199081 
2.763529 29.125154 
36.044529 0.000000 
3.497070 45.297192 
11.902138 22.670946 
9.018053 18.790188 
16.534328 16.372469 
12.051610 3.938757 
13.743392 0.451373 
0.561597 12.316074 
16.571379 0.000000 
35.662537 0.279154 
9.003351 38.205788 
24.960581 18.331661 
18.717823 1.617255 
10.258992 26.230211 
30.533194 36.303253 
23.808241 35.801945 
25.547121 32.479065 
12.375200 51.120609 
9.630673 12.457603 
15.301814 48.559868 
34.654308 15.791599 
21.643370 0.000000 
12.318053 38.220638 
0.000000 25.588362 
19.408941 11.524742 
0.000000 2.365376 
28.516088 2.330257 
8.579442 21.867739 
14.691047 16.782255 
18.280632 35.474655 
21.409811 11.694622 
7.690016 42.831837 
36.706818 45.913017 
17.686733 1.191764 
16.739601 34.051395 
16.657894 11.105264 
41.306454 20.911783 
23.506649 23.768805 
16.486050 0.000000 
27.932762 8.008829 
11.705476 42.079876 

6.735272 13.000380 
17.308268 33.244446 
28.216316 23.965654 
14.961989 17.398792 
24.081234 9.590973 
29.995306 29.715773 
1.662513 51.135593 
14.540396 4.792122 
22.013130 11.706801 
8.789284 29.241634 
27.216345 38.857452 
21.584753 41.961857 
25.925060 27.653778 
17.423941 52.700897 
15.951723 35.042107 
10.843042 23.011721 
15.509830 28.875896 
26.389940 24.074152 
34.742329 0.000000 
2.617983 13.536316 
27.975574 22.596043 
10.730286 24.710815 
25.643021 23.209875 
4.147963 17.095587 
7.677259 30.048803 
23.408937 10.046861 
6.602035 0.000000 
20.697714 18.469942 
8.661268 25.742537 
24.326765 15.488640 
21.578871 39.565945 
17.959341 37.056374 
9.138016 14.841974 
25.732800 20.686470 
31.401674 15.594812 
16.229877 39.840366 
19.650957 10.343498 
31.213066 10.772540 
15.872796 0.000000 
19.387280 24.933697 
9.133450 20.338398 
1.962492 20.590284 
35.164200 4.477246 
24.787497 21.031454 
31.554167 41.983208 
31.438948 7.692477 
0.000000 0.000000 
24.749844 0.000000 
16.549664 35.942455 
5.371479 0.465941 

34.157852 14.369992 
22.105639 33.350922 
13.929958 51.358841 
32.809292 30.617384 
21.848074 6.372362 
21.067198 50.462608 
37.306442 16.454256 
8.364252 12.289033 
20.292126 17.867041 
0.305134 28.106745 
24.433372 9.315412 
26.766733 37.123020 
7.448413 9.627306 
13.761146 19.869253 
0.000000 38.262585 
19.220640 25.376934 
3.260425 24.288748 
26.179358 46.127930 
43.602131 18.063215 
36.868843 4.347761 
12.018038 0.000000 
31.380697 23.892839 
26.269545 36.582661 
14.127420 11.105157 
27.597363 42.451866 
2.760369 10.360120 
26.459665 11.739840 
0.000000 17.100370 
33.795071 28.686430 
8.498496 0.000000 
0.084946 0.000000 
28.999722 29.785669 
29.573112 16.103680 
0.000000 9.988687 
23.764187 0.561878 
29.235502 13.489409 
20.025154 13.311870 
7.903566 29.180435 
20.917540 28.499609 
10.500870 0.000000 
4.701206 0.000000 
3.969650 0.000000 
26.008598 0.000000 
20.651731 11.925490 
43.515331 22.473032 
10.397993 34.602009 
12.586949 24.999491 
2.659944 50.205936 
20.289116 27.588383 
15.288996 25.640640 

24.213820 11.413170 
14.722809 22.518896 
11.291548 22.254431 
12.972090 6.019721 
12.049692 0.000000 
11.397018 22.331318 
31.830690 18.586739 
7.940638 13.540346 
32.629017 24.218811 
43.906254 49.932030 
3.343950 15.738618 
28.515680 0.170170 
12.040438 34.870789 
9.643162 50.098248 
22.120291 34.692444 
24.719038 65.800362 
22.661665 33.752117 
17.580238 9.692318 
18.847792 1.774483 
9.434736 9.110888 
15.357631 28.523991 
10.148814 33.227238 
28.378426 0.000000 
23.230534 27.330524 
8.016753 0.000000 
25.089731 14.352419 
18.177691 19.610811 
20.109194 18.473349 
34.542847 7.184328 
3.221425 18.254332 
20.709030 42.378857 
3.751627 16.400114 
33.472595 3.346764 
0.000000 38.167747 
1.231404 27.957941 
9.115500 18.731749 
20.371000 8.635724 
6.598588 23.587084 
12.018337 43.854881 
41.305103 0.000000 
34.037483 14.580845 
8.405231 8.906877 
12.384901 8.059923 
10.743620 0.000000 
3.618925 0.847257 
29.252703 20.090860 
49.774464 9.271417 
38.242565 57.971386 
19.593033 2.089492 
12.398973 34.816238 

